<?xml version="1.0" encoding="UTF-8"?>
<!-- Generated by org.testng.reporters.JUnitReportReporter -->
<testsuite hostname="LAPTOP-8N3L91KE" failures="0" tests="1" name="org.automation.test_Scripts.Books01Test" time="7.034" errors="0" timestamp="2024-04-25T15:55:47 IST" skipped="0">
  <testcase classname="org.automation.test_Scripts.Books01Test" name="userIsAbleToClickOnBooksPage" time="7.034"/>
  <system-out>
    <![CDATA[books page is displayed
computing page is displayed
shopping cart page is displayed
verifyUserIsAbleToClickOnBooksPage test case pass]]>
  </system-out>
</testsuite> <!-- org.automation.test_Scripts.Books01Test -->
