<?xml version="1.0" encoding="UTF-8"?>
<!-- Generated by org.testng.reporters.JUnitReportReporter -->
<testsuite hostname="LAPTOP-8N3L91KE" failures="0" tests="1" name="org.automation.test_Scripts.GiftCard1" time="7.389" errors="0" timestamp="2024-04-24T19:30:15 IST" skipped="0">
  <testcase classname="org.automation.test_Scripts.GiftCard1" name="verifyUserIsAbleToClickOnGiftCards" time="7.389"/>
  <system-out>
    <![CDATA[giftcard page displayed
virtualgiftcard page displayed
shoppingcart page displayed]]>
  </system-out>
</testsuite> <!-- org.automation.test_Scripts.GiftCard1 -->
