<?xml version="1.0" encoding="UTF-8"?>
<!-- Generated by org.testng.reporters.JUnitReportReporter -->
<testsuite hostname="LAPTOP-8N3L91KE" failures="0" tests="1" name="org.automation.test_Scripts.ShoppingCart01" time="6.723" errors="0" timestamp="2024-04-25T09:37:48 IST" skipped="0">
  <testcase classname="org.automation.test_Scripts.ShoppingCart01" name="verifyUserIsAbleToClickOnShoppingCart" time="6.723"/>
  <system-out>
    <![CDATA[digital page is displayed
music page is displayed
shopping cart page is displayed]]>
  </system-out>
</testsuite> <!-- org.automation.test_Scripts.ShoppingCart01 -->
