<?xml version="1.0" encoding="UTF-8"?>
<!-- Generated by org.testng.reporters.JUnitReportReporter -->
<testsuite hostname="LAPTOP-8N3L91KE" failures="0" tests="1" name="org.automation.test_Scripts.RegisterTest" time="10.501" errors="0" timestamp="2024-04-25T15:34:12 IST" skipped="0">
  <testcase classname="org.automation.test_Scripts.RegisterTest" name="register" time="10.501"/>
  <system-out/>
</testsuite> <!-- org.automation.test_Scripts.RegisterTest -->
