<?xml version="1.0" encoding="UTF-8"?>
<!-- Generated by org.testng.reporters.JUnitReportReporter -->
<testsuite hostname="LAPTOP-8N3L91KE" failures="0" tests="1" name="org.automation.test_Scripts.HomePageTestCase" time="7.125" errors="0" timestamp="2024-04-24T15:46:43 IST" skipped="0">
  <testcase classname="org.automation.test_Scripts.HomePageTestCase" name="verifyUserIsAbleToClickOnLinks" time="7.125"/>
  <system-out>
    <![CDATA[digital downloads page displayed
album page is displayed
shopping cart page is displayed
verifyUserIsAbleToClickOnLinks test case pass]]>
  </system-out>
</testsuite> <!-- org.automation.test_Scripts.HomePageTestCase -->
