<?xml version="1.0" encoding="UTF-8"?>
<!-- Generated by org.testng.reporters.JUnitReportReporter -->
<testsuite hostname="LAPTOP-8N3L91KE" failures="0" tests="1" name="org.automation.test_Scripts.Books02" time="6.332" errors="0" timestamp="2024-04-24T16:56:29 IST" skipped="0">
  <testcase classname="org.automation.test_Scripts.Books02" name="verify_User_Is_Able_To_Click_On_DigitalDownloads" time="6.332"/>
  <system-out>
    <![CDATA[digital page displayed
music page displayed
wishlist page displayed]]>
  </system-out>
</testsuite> <!-- org.automation.test_Scripts.Books02 -->
