<?xml version="1.0" encoding="UTF-8"?>
<!-- Generated by org.testng.reporters.JUnitReportReporter -->
<testsuite hostname="LAPTOP-8N3L91KE" failures="0" tests="1" name="org.automation.test_Scripts.Books02Test" time="6.515" errors="0" timestamp="2024-04-25T15:10:50 IST" skipped="0">
  <testcase classname="org.automation.test_Scripts.Books02Test" name="verify_User_Is_Able_To_Click_On_DigitalDownloads" time="6.515"/>
  <system-out>
    <![CDATA[digital page displayed
music page displayed
wishlist page displayed]]>
  </system-out>
</testsuite> <!-- org.automation.test_Scripts.Books02Test -->
