<?xml version="1.0" encoding="UTF-8"?>
<!-- Generated by org.testng.reporters.JUnitReportReporter -->
<testsuite hostname="LAPTOP-8N3L91KE" failures="0" tests="1" name="org.automation.test_Scripts.WishListTestCase01" time="6.682" errors="0" timestamp="2024-04-24T15:35:37 IST" skipped="0">
  <testcase classname="org.automation.test_Scripts.WishListTestCase01" name="verify_User_Is_Able_To_Add_Product_To_WishList" time="6.682"/>
  <system-out>
    <![CDATA[books page is displayed
fiction page is  displayed
wishlist page displayed
verify_User_Is_Able_To_Add_Product_To_WishList test case pass]]>
  </system-out>
</testsuite> <!-- org.automation.test_Scripts.WishListTestCase01 -->
